This file contains any messages produced by compilers while
running configure, to aid debugging if configure makes a mistake.

It was created by jansson configure 2.11, which was
generated by GNU Autoconf 2.71.  Invocation command line was

  $ ./configure --no-create --no-recursion

## --------- ##
## Platform. ##
## --------- ##

hostname = chirag-virtual-machine
uname -m = x86_64
uname -r = 6.5.0-41-generic
uname -s = Linux
uname -v = #41~22.04.2-Ubuntu SMP PREEMPT_DYNAMIC Mon Jun  3 11:32:55 UTC 2

/usr/bin/uname -p = x86_64
/bin/uname -X     = unknown

/bin/arch              = x86_64
/usr/bin/arch -k       = unknown
/usr/convex/getsysinfo = unknown
/usr/bin/hostinfo      = unknown
/bin/machine           = unknown
/usr/bin/oslevel       = unknown
/bin/universe          = unknown

PATH: /usr/local/sbin/
PATH: /usr/local/bin/
PATH: /usr/sbin/
PATH: /usr/bin/
PATH: /sbin/
PATH: /bin/
PATH: /usr/games/
PATH: /usr/local/games/
PATH: /snap/bin/


## ----------- ##
## Core tests. ##
## ----------- ##

configure:2552: looking for aux files: config.guess config.sub ltmain.sh compile missing install-sh
configure:2565:  trying ././
configure:2594:   ././config.guess found
configure:2594:   ././config.sub found
configure:2594:   ././ltmain.sh found
configure:2594:   ././compile found
configure:2594:   ././missing found
configure:2576:   ././install-sh found
configure:2725: checking for a BSD-compatible install
configure:2798: result: /usr/bin/install -c
configure:2809: checking whether build environment is sane
configure:2864: result: yes
configure:3023: checking for a race-free mkdir -p
configure:3067: result: /usr/bin/mkdir -p
configure:3074: checking for gawk
configure:3109: result: no
configure:3074: checking for mawk
configure:3095: found /usr/bin/mawk
configure:3106: result: mawk
configure:3117: checking whether make sets $(MAKE)
configure:3140: result: yes
configure:3170: checking whether make supports nested variables
configure:3188: result: yes
configure:3392: checking for gcc
configure:3413: found /usr/bin/gcc
configure:3424: result: gcc
configure:3777: checking for C compiler version
configure:3786: gcc --version >&5
gcc (Ubuntu 12.3.0-1ubuntu1~22.04) 12.3.0
Copyright (C) 2022 Free Software Foundation, Inc.
This is free software; see the source for copying conditions.  There is NO
warranty; not even for MERCHANTABILITY or FITNESS FOR A PARTICULAR PURPOSE.

configure:3797: $? = 0
configure:3786: gcc -v >&5
Using built-in specs.
COLLECT_GCC=gcc
COLLECT_LTO_WRAPPER=/usr/lib/gcc/x86_64-linux-gnu/12/lto-wrapper
OFFLOAD_TARGET_NAMES=nvptx-none:amdgcn-amdhsa
OFFLOAD_TARGET_DEFAULT=1
Target: x86_64-linux-gnu
Configured with: ../src/configure -v --with-pkgversion='Ubuntu 12.3.0-1ubuntu1~22.04' --with-bugurl=file:///usr/share/doc/gcc-12/README.Bugs --enable-languages=c,ada,c++,go,d,fortran,objc,obj-c++,m2 --prefix=/usr --with-gcc-major-version-only --program-suffix=-12 --program-prefix=x86_64-linux-gnu- --enable-shared --enable-linker-build-id --libexecdir=/usr/lib --without-included-gettext --enable-threads=posix --libdir=/usr/lib --enable-nls --enable-clocale=gnu --enable-libstdcxx-debug --enable-libstdcxx-time=yes --with-default-libstdcxx-abi=new --enable-gnu-unique-object --disable-vtable-verify --enable-plugin --enable-default-pie --with-system-zlib --enable-libphobos-checking=release --with-target-system-zlib=auto --enable-objc-gc=auto --enable-multiarch --disable-werror --enable-cet --with-arch-32=i686 --with-abi=m64 --with-multilib-list=m32,m64,mx32 --enable-multilib --with-tune=generic --enable-offload-targets=nvptx-none=/build/gcc-12-ALHxjy/gcc-12-12.3.0/debian/tmp-nvptx/usr,amdgcn-amdhsa=/build/gcc-12-ALHxjy/gcc-12-12.3.0/debian/tmp-gcn/usr --enable-offload-defaulted --without-cuda-driver --enable-checking=release --build=x86_64-linux-gnu --host=x86_64-linux-gnu --target=x86_64-linux-gnu
Thread model: posix
Supported LTO compression algorithms: zlib zstd
gcc version 12.3.0 (Ubuntu 12.3.0-1ubuntu1~22.04) 
... rest of stderr output deleted ...
configure:3797: $? = 0
configure:3786: gcc -V >&5
gcc: error: unrecognized command-line option '-V'
gcc: fatal error: no input files
compilation terminated.
configure:3797: $? = 1
configure:3786: gcc -qversion >&5
gcc: error: unrecognized command-line option '-qversion'; did you mean '--version'?
gcc: fatal error: no input files
compilation terminated.
configure:3797: $? = 1
configure:3786: gcc -version >&5
gcc: error: unrecognized command-line option '-version'
gcc: fatal error: no input files
compilation terminated.
configure:3797: $? = 1
configure:3817: checking whether the C compiler works
configure:3839: gcc    conftest.c  >&5
configure:3843: $? = 0
configure:3893: result: yes
configure:3896: checking for C compiler default output file name
configure:3898: result: a.out
configure:3904: checking for suffix of executables
configure:3911: gcc -o conftest    conftest.c  >&5
configure:3915: $? = 0
configure:3938: result: 
configure:3960: checking whether we are cross compiling
configure:3968: gcc -o conftest    conftest.c  >&5
configure:3972: $? = 0
configure:3979: ./conftest
configure:3983: $? = 0
configure:3998: result: no
configure:4003: checking for suffix of object files
configure:4026: gcc -c   conftest.c >&5
configure:4030: $? = 0
configure:4052: result: o
configure:4056: checking whether the compiler supports GNU C
configure:4076: gcc -c   conftest.c >&5
configure:4076: $? = 0
configure:4086: result: yes
configure:4097: checking whether gcc accepts -g
configure:4118: gcc -c -g  conftest.c >&5
configure:4118: $? = 0
configure:4162: result: yes
configure:4182: checking for gcc option to enable C11 features
configure:4197: gcc  -c -g -O2  conftest.c >&5
configure:4197: $? = 0
configure:4215: result: none needed
configure:4331: checking whether gcc understands -c and -o together
configure:4354: gcc -c conftest.c -o conftest2.o
configure:4357: $? = 0
configure:4354: gcc -c conftest.c -o conftest2.o
configure:4357: $? = 0
configure:4369: result: yes
configure:4389: checking whether make supports the include directive
configure:4404: make -f confmf.GNU && cat confinc.out
make[3]: Entering directory '/home/chirag/Desktop/kdns/deps/libjansson'
make[3]: Leaving directory '/home/chirag/Desktop/kdns/deps/libjansson'
this is the am__doit target
configure:4407: $? = 0
configure:4426: result: yes (GNU style)
configure:4452: checking dependency style of gcc
configure:4564: result: gcc3
configure:4611: checking build system type
configure:4626: result: x86_64-pc-linux-gnu
configure:4646: checking host system type
configure:4660: result: x86_64-pc-linux-gnu
configure:4701: checking how to print strings
configure:4728: result: printf
configure:4749: checking for a sed that does not truncate output
configure:4819: result: /usr/bin/sed
configure:4837: checking for grep that handles long lines and -e
configure:4901: result: /usr/bin/grep
configure:4906: checking for egrep
configure:4974: result: /usr/bin/grep -E
configure:4979: checking for fgrep
configure:5047: result: /usr/bin/grep -F
configure:5083: checking for ld used by gcc
configure:5151: result: /usr/bin/ld
configure:5158: checking if the linker (/usr/bin/ld) is GNU ld
configure:5174: result: yes
configure:5186: checking for BSD- or MS-compatible name lister (nm)
configure:5241: result: /usr/bin/nm -B
configure:5381: checking the name lister (/usr/bin/nm -B) interface
configure:5389: gcc -c -g -O2  conftest.c >&5
configure:5392: /usr/bin/nm -B "conftest.o"
configure:5395: output
0000000000000000 B some_variable
configure:5402: result: BSD nm
configure:5405: checking whether ln -s works
configure:5409: result: yes
configure:5417: checking the maximum length of command line arguments
configure:5549: result: 1572864
configure:5597: checking how to convert x86_64-pc-linux-gnu file names to x86_64-pc-linux-gnu format
configure:5638: result: func_convert_file_noop
configure:5645: checking how to convert x86_64-pc-linux-gnu file names to toolchain format
configure:5666: result: func_convert_file_noop
configure:5673: checking for /usr/bin/ld option to reload object files
configure:5681: result: -r
configure:5760: checking for objdump
configure:5781: found /usr/bin/objdump
configure:5792: result: objdump
configure:5824: checking how to recognize dependent libraries
configure:6025: result: pass_all
configure:6115: checking for dlltool
configure:6150: result: no
configure:6180: checking how to associate runtime and link libraries
configure:6208: result: printf %s\n
configure:6274: checking for ar
configure:6295: found /usr/bin/ar
configure:6306: result: ar
configure:6343: checking for archiver @FILE support
configure:6361: gcc -c -g -O2  conftest.c >&5
configure:6361: $? = 0
configure:6365: ar cr libconftest.a @conftest.lst >&5
configure:6368: $? = 0
configure:6373: ar cr libconftest.a @conftest.lst >&5
ar: conftest.o: No such file or directory
configure:6376: $? = 1
configure:6388: result: @
configure:6451: checking for strip
configure:6472: found /usr/bin/strip
configure:6483: result: strip
configure:6560: checking for ranlib
configure:6581: found /usr/bin/ranlib
configure:6592: result: ranlib
configure:6694: checking command to parse /usr/bin/nm -B output from gcc object
configure:6848: gcc -c -g -O2  conftest.c >&5
configure:6851: $? = 0
configure:6855: /usr/bin/nm -B conftest.o | sed -n -e 's/^.*[	 ]\([ABCDGIRSTW][ABCDGIRSTW]*\)[	 ][	 ]*\([_A-Za-z][_A-Za-z0-9]*\)$/\1 \2 \2/p' | sed '/ __gnu_lto/d' > conftest.nm
configure:6921: gcc -o conftest -g -O2   conftest.c conftstm.o >&5
configure:6924: $? = 0
configure:6962: result: ok
configure:7009: checking for sysroot
configure:7040: result: no
configure:7047: checking for a working dd
configure:7091: result: /usr/bin/dd
configure:7095: checking how to truncate binary pipes
configure:7111: result: /usr/bin/dd bs=4096 count=1
configure:7248: gcc -c -g -O2  conftest.c >&5
configure:7251: $? = 0
configure:7448: checking for mt
configure:7469: found /usr/bin/mt
configure:7480: result: mt
configure:7503: checking if mt is a manifest tool
configure:7510: mt '-?'
configure:7518: result: no
configure:8248: checking for stdio.h
configure:8248: gcc -c -g -O2  conftest.c >&5
configure:8248: $? = 0
configure:8248: result: yes
configure:8248: checking for stdlib.h
configure:8248: gcc -c -g -O2  conftest.c >&5
configure:8248: $? = 0
configure:8248: result: yes
configure:8248: checking for string.h
configure:8248: gcc -c -g -O2  conftest.c >&5
configure:8248: $? = 0
configure:8248: result: yes
configure:8248: checking for inttypes.h
configure:8248: gcc -c -g -O2  conftest.c >&5
configure:8248: $? = 0
configure:8248: result: yes
configure:8248: checking for stdint.h
configure:8248: gcc -c -g -O2  conftest.c >&5
configure:8248: $? = 0
configure:8248: result: yes
configure:8248: checking for strings.h
configure:8248: gcc -c -g -O2  conftest.c >&5
configure:8248: $? = 0
configure:8248: result: yes
configure:8248: checking for sys/stat.h
configure:8248: gcc -c -g -O2  conftest.c >&5
configure:8248: $? = 0
configure:8248: result: yes
configure:8248: checking for sys/types.h
configure:8248: gcc -c -g -O2  conftest.c >&5
configure:8248: $? = 0
configure:8248: result: yes
configure:8248: checking for unistd.h
configure:8248: gcc -c -g -O2  conftest.c >&5
configure:8248: $? = 0
configure:8248: result: yes
configure:8273: checking for dlfcn.h
configure:8273: gcc -c -g -O2  conftest.c >&5
configure:8273: $? = 0
configure:8273: result: yes
configure:8532: checking for objdir
configure:8548: result: .libs
configure:8808: checking if gcc supports -fno-rtti -fno-exceptions
configure:8827: gcc -c -g -O2  -fno-rtti -fno-exceptions conftest.c >&5
cc1: warning: command-line option '-fno-rtti' is valid for C++/D/ObjC++ but not for C
configure:8831: $? = 0
configure:8844: result: no
configure:9208: checking for gcc option to produce PIC
configure:9216: result: -fPIC -DPIC
configure:9224: checking if gcc PIC flag -fPIC -DPIC works
configure:9243: gcc -c -g -O2  -fPIC -DPIC -DPIC conftest.c >&5
configure:9247: $? = 0
configure:9260: result: yes
configure:9289: checking if gcc static flag -static works
configure:9318: result: yes
configure:9333: checking if gcc supports -c -o file.o
configure:9355: gcc -c -g -O2  -o out/conftest2.o conftest.c >&5
configure:9359: $? = 0
configure:9381: result: yes
configure:9389: checking if gcc supports -c -o file.o
configure:9437: result: yes
configure:9470: checking whether the gcc linker (/usr/bin/ld -m elf_x86_64) supports shared libraries
configure:10740: result: yes
configure:10777: checking whether -lc should be explicitly linked in
configure:10786: gcc -c -g -O2  conftest.c >&5
configure:10789: $? = 0
configure:10804: gcc -shared  -fPIC -DPIC conftest.o  -v -Wl,-soname -Wl,conftest -o conftest 2\>\&1 \| /usr/bin/grep  -lc  \>/dev/null 2\>\&1
configure:10807: $? = 0
configure:10821: result: no
configure:10981: checking dynamic linker characteristics
configure:11563: gcc -o conftest -g -O2   -Wl,-rpath -Wl,/foo conftest.c  >&5
configure:11563: $? = 0
configure:11814: result: GNU/Linux ld.so
configure:11936: checking how to hardcode library paths into programs
configure:11961: result: immediate
configure:12513: checking whether stripping libraries is possible
configure:12518: result: yes
configure:12553: checking if libtool supports shared libraries
configure:12555: result: yes
configure:12558: checking whether to build shared libraries
configure:12583: result: yes
configure:12586: checking whether to build static libraries
configure:12590: result: yes
configure:12639: checking for endian.h
configure:12639: gcc -c -g -O2  conftest.c >&5
configure:12639: $? = 0
configure:12639: result: yes
configure:12645: checking for fcntl.h
configure:12645: gcc -c -g -O2  conftest.c >&5
configure:12645: $? = 0
configure:12645: result: yes
configure:12651: checking for locale.h
configure:12651: gcc -c -g -O2  conftest.c >&5
configure:12651: $? = 0
configure:12651: result: yes
configure:12657: checking for sched.h
configure:12657: gcc -c -g -O2  conftest.c >&5
configure:12657: $? = 0
configure:12657: result: yes
configure:12663: checking for unistd.h
configure:12663: result: yes
configure:12669: checking for sys/param.h
configure:12669: gcc -c -g -O2  conftest.c >&5
configure:12669: $? = 0
configure:12669: result: yes
configure:12675: checking for sys/stat.h
configure:12675: result: yes
configure:12681: checking for sys/time.h
configure:12681: gcc -c -g -O2  conftest.c >&5
configure:12681: $? = 0
configure:12681: result: yes
configure:12687: checking for sys/types.h
configure:12687: result: yes
configure:12696: checking for int32_t
configure:12696: gcc -c -g -O2  conftest.c >&5
configure:12696: $? = 0
configure:12696: gcc -c -g -O2  conftest.c >&5
conftest.c: In function 'main':
conftest.c:65:67: warning: integer overflow in expression of type 'int' results in '-2147483648' [-Woverflow]
   65 |                  < (int32_t) (((((int32_t) 1 << N) << N) - 1) * 2 + 2))];
      |                                                                   ^
conftest.c:64:12: error: storage size of 'test_array' isn't constant
   64 | static int test_array [1 - 2 * !((int32_t) (((((int32_t) 1 << N) << N) - 1) * 2 + 1)
      |            ^~~~~~~~~~
configure:12696: $? = 1
configure: failed program was:
| /* confdefs.h */
| #define PACKAGE_NAME "jansson"
| #define PACKAGE_TARNAME "jansson"
| #define PACKAGE_VERSION "2.11"
| #define PACKAGE_STRING "jansson 2.11"
| #define PACKAGE_BUGREPORT "petri@digip.org"
| #define PACKAGE_URL ""
| #define PACKAGE "jansson"
| #define VERSION "2.11"
| #define HAVE_STDIO_H 1
| #define HAVE_STDLIB_H 1
| #define HAVE_STRING_H 1
| #define HAVE_INTTYPES_H 1
| #define HAVE_STDINT_H 1
| #define HAVE_STRINGS_H 1
| #define HAVE_SYS_STAT_H 1
| #define HAVE_SYS_TYPES_H 1
| #define HAVE_UNISTD_H 1
| #define STDC_HEADERS 1
| #define HAVE_DLFCN_H 1
| #define LT_OBJDIR ".libs/"
| #define HAVE_ENDIAN_H 1
| #define HAVE_FCNTL_H 1
| #define HAVE_LOCALE_H 1
| #define HAVE_SCHED_H 1
| #define HAVE_UNISTD_H 1
| #define HAVE_SYS_PARAM_H 1
| #define HAVE_SYS_STAT_H 1
| #define HAVE_SYS_TIME_H 1
| #define HAVE_SYS_TYPES_H 1
| /* end confdefs.h.  */
| #include <stddef.h>
| #ifdef HAVE_STDIO_H
| # include <stdio.h>
| #endif
| #ifdef HAVE_STDLIB_H
| # include <stdlib.h>
| #endif
| #ifdef HAVE_STRING_H
| # include <string.h>
| #endif
| #ifdef HAVE_INTTYPES_H
| # include <inttypes.h>
| #endif
| #ifdef HAVE_STDINT_H
| # include <stdint.h>
| #endif
| #ifdef HAVE_STRINGS_H
| # include <strings.h>
| #endif
| #ifdef HAVE_SYS_TYPES_H
| # include <sys/types.h>
| #endif
| #ifdef HAVE_SYS_STAT_H
| # include <sys/stat.h>
| #endif
| #ifdef HAVE_UNISTD_H
| # include <unistd.h>
| #endif
| 	        enum { N = 32 / 2 - 1 };
| int
| main (void)
| {
| static int test_array [1 - 2 * !((int32_t) (((((int32_t) 1 << N) << N) - 1) * 2 + 1)
| 		 < (int32_t) (((((int32_t) 1 << N) << N) - 1) * 2 + 2))];
| test_array [0] = 0;
| return test_array [0];
| 
|   ;
|   return 0;
| }
configure:12696: result: yes
configure:12705: checking for uint32_t
configure:12705: gcc -c -g -O2  conftest.c >&5
configure:12705: $? = 0
configure:12705: result: yes
configure:12717: checking for uint16_t
configure:12717: gcc -c -g -O2  conftest.c >&5
configure:12717: $? = 0
configure:12717: result: yes
configure:12727: checking for uint8_t
configure:12727: gcc -c -g -O2  conftest.c >&5
configure:12727: $? = 0
configure:12727: result: yes
configure:12740: checking for unsigned long long int
configure:12782: gcc -o conftest -g -O2   conftest.c  >&5
configure:12782: $? = 0
configure:12792: result: yes
configure:12802: checking for long long int
configure:12844: gcc -o conftest -g -O2   conftest.c  >&5
configure:12844: $? = 0
configure:12844: ./conftest
configure:12844: $? = 0
configure:12857: result: yes
configure:12866: checking for inline
configure:12883: gcc -c -g -O2  conftest.c >&5
configure:12883: $? = 0
configure:12892: result: inline
configure:12918: checking for close
configure:12918: gcc -o conftest -g -O2   conftest.c  >&5
configure:12918: $? = 0
configure:12918: result: yes
configure:12924: checking for getpid
configure:12924: gcc -o conftest -g -O2   conftest.c  >&5
configure:12924: $? = 0
configure:12924: result: yes
configure:12930: checking for gettimeofday
configure:12930: gcc -o conftest -g -O2   conftest.c  >&5
configure:12930: $? = 0
configure:12930: result: yes
configure:12936: checking for localeconv
configure:12936: gcc -o conftest -g -O2   conftest.c  >&5
configure:12936: $? = 0
configure:12936: result: yes
configure:12942: checking for open
configure:12942: gcc -o conftest -g -O2   conftest.c  >&5
configure:12942: $? = 0
configure:12942: result: yes
configure:12948: checking for read
configure:12948: gcc -o conftest -g -O2   conftest.c  >&5
configure:12948: $? = 0
configure:12948: result: yes
configure:12954: checking for sched_yield
configure:12954: gcc -o conftest -g -O2   conftest.c  >&5
configure:12954: $? = 0
configure:12954: result: yes
configure:12960: checking for strtoll
configure:12960: gcc -o conftest -g -O2   conftest.c  >&5
configure:12960: $? = 0
configure:12960: result: yes
configure:12968: checking for gcc __sync builtins
configure:12982: gcc -o conftest -g -O2   conftest.c  >&5
configure:12982: $? = 0
configure:12997: result: yes
configure:13000: checking for gcc __atomic builtins
configure:13014: gcc -o conftest -g -O2   conftest.c  >&5
configure:13014: $? = 0
configure:13029: result: yes
configure:13195: checking that generated files are newer than configure
configure:13201: result: done
configure:13228: creating ./config.status

## ---------------- ##
## Cache variables. ##
## ---------------- ##

ac_cv_build=x86_64-pc-linux-gnu
ac_cv_c_compiler_gnu=yes
ac_cv_c_inline=inline
ac_cv_c_int32_t=yes
ac_cv_c_uint16_t=yes
ac_cv_c_uint32_t=yes
ac_cv_c_uint8_t=yes
ac_cv_env_CC_set=
ac_cv_env_CC_value=
ac_cv_env_CFLAGS_set=
ac_cv_env_CFLAGS_value=
ac_cv_env_CPPFLAGS_set=
ac_cv_env_CPPFLAGS_value=
ac_cv_env_LDFLAGS_set=
ac_cv_env_LDFLAGS_value=
ac_cv_env_LIBS_set=
ac_cv_env_LIBS_value=
ac_cv_env_LT_SYS_LIBRARY_PATH_set=
ac_cv_env_LT_SYS_LIBRARY_PATH_value=
ac_cv_env_build_alias_set=
ac_cv_env_build_alias_value=
ac_cv_env_host_alias_set=
ac_cv_env_host_alias_value=
ac_cv_env_target_alias_set=
ac_cv_env_target_alias_value=
ac_cv_func_close=yes
ac_cv_func_getpid=yes
ac_cv_func_gettimeofday=yes
ac_cv_func_localeconv=yes
ac_cv_func_open=yes
ac_cv_func_read=yes
ac_cv_func_sched_yield=yes
ac_cv_func_strtoll=yes
ac_cv_header_dlfcn_h=yes
ac_cv_header_endian_h=yes
ac_cv_header_fcntl_h=yes
ac_cv_header_inttypes_h=yes
ac_cv_header_locale_h=yes
ac_cv_header_sched_h=yes
ac_cv_header_stdint_h=yes
ac_cv_header_stdio_h=yes
ac_cv_header_stdlib_h=yes
ac_cv_header_string_h=yes
ac_cv_header_strings_h=yes
ac_cv_header_sys_param_h=yes
ac_cv_header_sys_stat_h=yes
ac_cv_header_sys_time_h=yes
ac_cv_header_sys_types_h=yes
ac_cv_header_unistd_h=yes
ac_cv_host=x86_64-pc-linux-gnu
ac_cv_objext=o
ac_cv_path_EGREP='/usr/bin/grep -E'
ac_cv_path_FGREP='/usr/bin/grep -F'
ac_cv_path_GREP=/usr/bin/grep
ac_cv_path_SED=/usr/bin/sed
ac_cv_path_install='/usr/bin/install -c'
ac_cv_path_lt_DD=/usr/bin/dd
ac_cv_path_mkdir=/usr/bin/mkdir
ac_cv_prog_AWK=mawk
ac_cv_prog_ac_ct_AR=ar
ac_cv_prog_ac_ct_CC=gcc
ac_cv_prog_ac_ct_MANIFEST_TOOL=mt
ac_cv_prog_ac_ct_OBJDUMP=objdump
ac_cv_prog_ac_ct_RANLIB=ranlib
ac_cv_prog_ac_ct_STRIP=strip
ac_cv_prog_cc_c11=
ac_cv_prog_cc_g=yes
ac_cv_prog_cc_stdc=
ac_cv_prog_make_make_set=yes
ac_cv_type_long_long_int=yes
ac_cv_type_unsigned_long_long_int=yes
am_cv_CC_dependencies_compiler_type=gcc3
am_cv_make_support_nested_variables=yes
am_cv_prog_cc_c_o=yes
lt_cv_ar_at_file=@
lt_cv_archive_cmds_need_lc=no
lt_cv_deplibs_check_method=pass_all
lt_cv_file_magic_cmd='$MAGIC_CMD'
lt_cv_file_magic_test_file=
lt_cv_ld_reload_flag=-r
lt_cv_nm_interface='BSD nm'
lt_cv_objdir=.libs
lt_cv_path_LD=/usr/bin/ld
lt_cv_path_NM='/usr/bin/nm -B'
lt_cv_path_mainfest_tool=no
lt_cv_prog_compiler_c_o=yes
lt_cv_prog_compiler_pic='-fPIC -DPIC'
lt_cv_prog_compiler_pic_works=yes
lt_cv_prog_compiler_rtti_exceptions=no
lt_cv_prog_compiler_static_works=yes
lt_cv_prog_gnu_ld=yes
lt_cv_sharedlib_from_linklib_cmd='printf %s\n'
lt_cv_shlibpath_overrides_runpath=yes
lt_cv_sys_global_symbol_pipe='sed -n -e '\''s/^.*[	 ]\([ABCDGIRSTW][ABCDGIRSTW]*\)[	 ][	 ]*\([_A-Za-z][_A-Za-z0-9]*\)$/\1 \2 \2/p'\'' | sed '\''/ __gnu_lto/d'\'''
lt_cv_sys_global_symbol_to_c_name_address='sed -n -e '\''s/^: \(.*\) .*$/  {"\1", (void *) 0},/p'\'' -e '\''s/^[ABCDGIRSTW][ABCDGIRSTW]* .* \(.*\)$/  {"\1", (void *) \&\1},/p'\'''
lt_cv_sys_global_symbol_to_c_name_address_lib_prefix='sed -n -e '\''s/^: \(.*\) .*$/  {"\1", (void *) 0},/p'\'' -e '\''s/^[ABCDGIRSTW][ABCDGIRSTW]* .* \(lib.*\)$/  {"\1", (void *) \&\1},/p'\'' -e '\''s/^[ABCDGIRSTW][ABCDGIRSTW]* .* \(.*\)$/  {"lib\1", (void *) \&\1},/p'\'''
lt_cv_sys_global_symbol_to_cdecl='sed -n -e '\''s/^T .* \(.*\)$/extern int \1();/p'\'' -e '\''s/^[ABCDGIRSTW][ABCDGIRSTW]* .* \(.*\)$/extern char \1;/p'\'''
lt_cv_sys_global_symbol_to_import=
lt_cv_sys_max_cmd_len=1572864
lt_cv_to_host_file_cmd=func_convert_file_noop
lt_cv_to_tool_file_cmd=func_convert_file_noop
lt_cv_truncate_bin='/usr/bin/dd bs=4096 count=1'

## ----------------- ##
## Output variables. ##
## ----------------- ##

ACLOCAL='${SHELL} '\''/home/chirag/Desktop/kdns/deps/libjansson/missing'\'' aclocal-1.16'
AMDEPBACKSLASH='\'
AMDEP_FALSE='#'
AMDEP_TRUE=''
AMTAR='$${TAR-tar}'
AM_BACKSLASH='\'
AM_CFLAGS='-Wall -Wextra -Wdeclaration-after-statement'
AM_DEFAULT_V='$(AM_DEFAULT_VERBOSITY)'
AM_DEFAULT_VERBOSITY='1'
AM_V='$(V)'
AR='ar'
AUTOCONF='${SHELL} '\''/home/chirag/Desktop/kdns/deps/libjansson/missing'\'' autoconf'
AUTOHEADER='${SHELL} '\''/home/chirag/Desktop/kdns/deps/libjansson/missing'\'' autoheader'
AUTOMAKE='${SHELL} '\''/home/chirag/Desktop/kdns/deps/libjansson/missing'\'' automake-1.16'
AWK='mawk'
CC='gcc'
CCDEPMODE='depmode=gcc3'
CFLAGS='-g -O2'
CPPFLAGS=''
CSCOPE='cscope'
CTAGS='ctags'
CYGPATH_W='echo'
DEFS='-DHAVE_CONFIG_H'
DEPDIR='.deps'
DLLTOOL='false'
DSYMUTIL=''
DUMPBIN=''
ECHO_C=''
ECHO_N='-n'
ECHO_T=''
EGREP='/usr/bin/grep -E'
ETAGS='etags'
EXEEXT=''
FGREP='/usr/bin/grep -F'
GCC_FALSE='#'
GCC_TRUE=''
GREP='/usr/bin/grep'
INSTALL_DATA='${INSTALL} -m 644'
INSTALL_PROGRAM='${INSTALL}'
INSTALL_SCRIPT='${INSTALL}'
INSTALL_STRIP_PROGRAM='$(install_sh) -c -s'
LD='/usr/bin/ld -m elf_x86_64'
LDFLAGS=''
LIBOBJS=''
LIBS=''
LIBTOOL='$(SHELL) $(top_builddir)/libtool'
LIPO=''
LN_S='ln -s'
LTLIBOBJS=''
LT_SYS_LIBRARY_PATH=''
MAKEINFO='${SHELL} '\''/home/chirag/Desktop/kdns/deps/libjansson/missing'\'' makeinfo'
MANIFEST_TOOL=':'
MKDIR_P='/usr/bin/mkdir -p'
NM='/usr/bin/nm -B'
NMEDIT=''
OBJDUMP='objdump'
OBJEXT='o'
OTOOL64=''
OTOOL=''
PACKAGE='jansson'
PACKAGE_BUGREPORT='petri@digip.org'
PACKAGE_NAME='jansson'
PACKAGE_STRING='jansson 2.11'
PACKAGE_TARNAME='jansson'
PACKAGE_URL=''
PACKAGE_VERSION='2.11'
PATH_SEPARATOR=':'
RANLIB='ranlib'
SED='/usr/bin/sed'
SET_MAKE=''
SHELL='/bin/bash'
STRIP='strip'
VERSION='2.11'
ac_ct_AR='ar'
ac_ct_CC='gcc'
ac_ct_DUMPBIN=''
am__EXEEXT_FALSE=''
am__EXEEXT_TRUE='#'
am__fastdepCC_FALSE='#'
am__fastdepCC_TRUE=''
am__include='include'
am__isrc=''
am__leading_dot='.'
am__nodep='_no'
am__quote=''
am__tar='$${TAR-tar} chof - "$$tardir"'
am__untar='$${TAR-tar} xf -'
bindir='${exec_prefix}/bin'
build='x86_64-pc-linux-gnu'
build_alias=''
build_cpu='x86_64'
build_os='linux-gnu'
build_vendor='pc'
datadir='${datarootdir}'
datarootdir='${prefix}/share'
docdir='${datarootdir}/doc/${PACKAGE_TARNAME}'
dvidir='${docdir}'
exec_prefix='${prefix}'
host='x86_64-pc-linux-gnu'
host_alias=''
host_cpu='x86_64'
host_os='linux-gnu'
host_vendor='pc'
htmldir='${docdir}'
includedir='${prefix}/include'
infodir='${datarootdir}/info'
install_sh='${SHELL} /home/chirag/Desktop/kdns/deps/libjansson/install-sh'
json_have_atomic_builtins='1'
json_have_localeconv='1'
json_have_long_long='1'
json_have_sync_builtins='1'
json_inline='inline'
libdir='${exec_prefix}/lib'
libexecdir='${exec_prefix}/libexec'
localedir='${datarootdir}/locale'
localstatedir='${prefix}/var'
mandir='${datarootdir}/man'
mkdir_p='$(MKDIR_P)'
oldincludedir='/usr/include'
pdfdir='${docdir}'
prefix='/usr/local'
program_transform_name='s,x,x,'
psdir='${docdir}'
runstatedir='${localstatedir}/run'
sbindir='${exec_prefix}/sbin'
sharedstatedir='${prefix}/com'
sysconfdir='${prefix}/etc'
target_alias=''

## ----------- ##
## confdefs.h. ##
## ----------- ##

/* confdefs.h */
#define PACKAGE_NAME "jansson"
#define PACKAGE_TARNAME "jansson"
#define PACKAGE_VERSION "2.11"
#define PACKAGE_STRING "jansson 2.11"
#define PACKAGE_BUGREPORT "petri@digip.org"
#define PACKAGE_URL ""
#define PACKAGE "jansson"
#define VERSION "2.11"
#define HAVE_STDIO_H 1
#define HAVE_STDLIB_H 1
#define HAVE_STRING_H 1
#define HAVE_INTTYPES_H 1
#define HAVE_STDINT_H 1
#define HAVE_STRINGS_H 1
#define HAVE_SYS_STAT_H 1
#define HAVE_SYS_TYPES_H 1
#define HAVE_UNISTD_H 1
#define STDC_HEADERS 1
#define HAVE_DLFCN_H 1
#define LT_OBJDIR ".libs/"
#define HAVE_ENDIAN_H 1
#define HAVE_FCNTL_H 1
#define HAVE_LOCALE_H 1
#define HAVE_SCHED_H 1
#define HAVE_UNISTD_H 1
#define HAVE_SYS_PARAM_H 1
#define HAVE_SYS_STAT_H 1
#define HAVE_SYS_TIME_H 1
#define HAVE_SYS_TYPES_H 1
#define HAVE_UNSIGNED_LONG_LONG_INT 1
#define HAVE_LONG_LONG_INT 1
#define HAVE_CLOSE 1
#define HAVE_GETPID 1
#define HAVE_GETTIMEOFDAY 1
#define HAVE_LOCALECONV 1
#define HAVE_OPEN 1
#define HAVE_READ 1
#define HAVE_SCHED_YIELD 1
#define HAVE_STRTOLL 1
#define HAVE_SYNC_BUILTINS 1
#define HAVE_ATOMIC_BUILTINS 1
#define USE_URANDOM 1
#define USE_WINDOWS_CRYPTOAPI 1
#define INITIAL_HASHTABLE_ORDER 3

configure: exit 0

## ---------------------- ##
## Running config.status. ##
## ---------------------- ##

This file was extended by jansson config.status 2.11, which was
generated by GNU Autoconf 2.71.  Invocation command line was

  CONFIG_FILES    = 
  CONFIG_HEADERS  = 
  CONFIG_LINKS    = 
  CONFIG_COMMANDS = 
  $ ./config.status 

on chirag-virtual-machine

config.status:1119: creating jansson.pc
config.status:1119: creating Makefile
config.status:1119: creating doc/Makefile
config.status:1119: creating src/Makefile
config.status:1119: creating src/jansson_config.h
config.status:1119: creating test/Makefile
config.status:1119: creating test/bin/Makefile
config.status:1119: creating test/suites/Makefile
config.status:1119: creating test/suites/api/Makefile
config.status:1119: creating jansson_private_config.h
config.status:1348: executing depfiles commands
config.status:1425: cd src       && sed -e '/# am--include-marker/d' Makefile         | make -f - am--depfiles
make[3]: Entering directory '/home/chirag/Desktop/kdns/deps/libjansson/src'
make[3]: warning: jobserver unavailable: using -j1.  Add '+' to parent make rule.
make[3]: Nothing to be done for 'am--depfiles'.
make[3]: Leaving directory '/home/chirag/Desktop/kdns/deps/libjansson/src'
config.status:1430: $? = 0
config.status:1425: cd test/bin       && sed -e '/# am--include-marker/d' Makefile         | make -f - am--depfiles
make[3]: Entering directory '/home/chirag/Desktop/kdns/deps/libjansson/test/bin'
make[3]: warning: jobserver unavailable: using -j1.  Add '+' to parent make rule.
make[3]: Nothing to be done for 'am--depfiles'.
make[3]: Leaving directory '/home/chirag/Desktop/kdns/deps/libjansson/test/bin'
config.status:1430: $? = 0
config.status:1425: cd test/suites/api       && sed -e '/# am--include-marker/d' Makefile         | make -f - am--depfiles
make[3]: Entering directory '/home/chirag/Desktop/kdns/deps/libjansson/test/suites/api'
make[3]: warning: jobserver unavailable: using -j1.  Add '+' to parent make rule.
make[3]: Nothing to be done for 'am--depfiles'.
make[3]: Leaving directory '/home/chirag/Desktop/kdns/deps/libjansson/test/suites/api'
config.status:1430: $? = 0
config.status:1348: executing libtool commands
